This is pdfTeX, Version 3.1415926-1.40.10 (MiKTeX 2.8) (preloaded format=pdflatex 2016.12.3)  21 DEC 2016 10:43
entering extended mode
**Report_Rus.tex
(C:\Users\Andrey\Report_Rus.tex
LaTeX2e <2009/09/24>
Babel <v3.8l> and hyphenation patterns for english, dumylang, nohyphenation, ge
rman, ngerman, german-x-2009-06-19, ngerman-x-2009-06-19, french, loaded.
("D:\Program files\MikTeX\tex\latex\base\article.cls"
Document Class: article 2007/10/19 v1.4h Standard LaTeX document class
("D:\Program files\MikTeX\tex\latex\base\size11.clo"
File: size11.clo 2007/10/19 v1.4h Standard LaTeX file (size option)
)
\c@part=\count79
\c@section=\count80
\c@subsection=\count81
\c@subsubsection=\count82
\c@paragraph=\count83
\c@subparagraph=\count84
\c@figure=\count85
\c@table=\count86
\abovecaptionskip=\skip41
\belowcaptionskip=\skip42
\bibindent=\dimen102
)
("D:\Program files\MikTeX\tex\latex\graphics\graphicx.sty"
Package: graphicx 1999/02/16 v1.0f Enhanced LaTeX Graphics (DPC,SPQR)

("D:\Program files\MikTeX\tex\latex\graphics\keyval.sty"
Package: keyval 1999/03/16 v1.13 key=value parser (DPC)
\KV@toks@=\toks14
)
("D:\Program files\MikTeX\tex\latex\graphics\graphics.sty"
Package: graphics 2009/02/05 v1.0o Standard LaTeX Graphics (DPC,SPQR)

("D:\Program files\MikTeX\tex\latex\graphics\trig.sty"
Package: trig 1999/03/16 v1.09 sin cos tan (DPC)
)
("D:\Program files\MikTeX\tex\latex\00miktex\graphics.cfg"
File: graphics.cfg 2007/01/18 v1.5 graphics configuration of teTeX/TeXLive
)
Package graphics Info: Driver file: pdftex.def on input line 91.

("D:\Program files\MikTeX\tex\latex\pdftex-def\pdftex.def"
File: pdftex.def 2010/02/14 v0.04n Graphics/color for pdfTeX
\Gread@gobject=\count87
))
\Gin@req@height=\dimen103
\Gin@req@width=\dimen104
)
("D:\Program files\MikTeX\tex\latex\float\float.sty"
Package: float 2001/11/08 v1.3d Float enhancements (AL)
\c@float@type=\count88
\float@exts=\toks15
\float@box=\box26
\@float@everytoks=\toks16
\@floatcapt=\box27
)
("D:\Program files\MikTeX\tex\latex\ams\math\amsmath.sty"
Package: amsmath 2000/07/18 v2.13 AMS math features
\@mathmargin=\skip43

For additional information on amsmath, use the `?' option.
("D:\Program files\MikTeX\tex\latex\ams\math\amstext.sty"
Package: amstext 2000/06/29 v2.01

("D:\Program files\MikTeX\tex\latex\ams\math\amsgen.sty"
File: amsgen.sty 1999/11/30 v2.0
\@emptytoks=\toks17
\ex@=\dimen105
))
("D:\Program files\MikTeX\tex\latex\ams\math\amsbsy.sty"
Package: amsbsy 1999/11/29 v1.2d
\pmbraise@=\dimen106
)
("D:\Program files\MikTeX\tex\latex\ams\math\amsopn.sty"
Package: amsopn 1999/12/14 v2.01 operator names
)
\inf@bad=\count89
LaTeX Info: Redefining \frac on input line 211.
\uproot@=\count90
\leftroot@=\count91
LaTeX Info: Redefining \overline on input line 307.
\classnum@=\count92
\DOTSCASE@=\count93
LaTeX Info: Redefining \ldots on input line 379.
LaTeX Info: Redefining \dots on input line 382.
LaTeX Info: Redefining \cdots on input line 467.
\Mathstrutbox@=\box28
\strutbox@=\box29
\big@size=\dimen107
LaTeX Font Info:    Redeclaring font encoding OML on input line 567.
LaTeX Font Info:    Redeclaring font encoding OMS on input line 568.
\macc@depth=\count94
\c@MaxMatrixCols=\count95
\dotsspace@=\muskip10
\c@parentequation=\count96
\dspbrk@lvl=\count97
\tag@help=\toks18
\row@=\count98
\column@=\count99
\maxfields@=\count100
\andhelp@=\toks19
\eqnshift@=\dimen108
\alignsep@=\dimen109
\tagshift@=\dimen110
\tagwidth@=\dimen111
\totwidth@=\dimen112
\lineht@=\dimen113
\@envbody=\toks20
\multlinegap=\skip44
\multlinetaggap=\skip45
\mathdisplay@stack=\toks21
LaTeX Info: Redefining \[ on input line 2666.
LaTeX Info: Redefining \] on input line 2667.
)
("D:\Program files\MikTeX\tex\latex\listings\listings.sty"
\lst@mode=\count101
\lst@gtempboxa=\box30
\lst@token=\toks22
\lst@length=\count102
\lst@currlwidth=\dimen114
\lst@column=\count103
\lst@pos=\count104
\lst@lostspace=\dimen115
\lst@width=\dimen116
\lst@newlines=\count105
\lst@lineno=\count106
\lst@maxwidth=\dimen117

("D:\Program files\MikTeX\tex\latex\listings\lstmisc.sty"
File: lstmisc.sty 2007/02/22 1.4 (Carsten Heinz)
\c@lstnumber=\count107
\lst@skipnumbers=\count108
\lst@framebox=\box31
)
("D:\Program files\MikTeX\tex\latex\listings\listings.cfg"
File: listings.cfg 2007/02/22 1.4 listings configuration
))
Package: listings 2007/02/22 1.4 (Carsten Heinz)

("D:\Program files\MikTeX\tex\latex\geometry\geometry.sty"
Package: geometry 2010/02/15 v5.1 Page Geometry

("D:\Program files\MikTeX\tex\generic\oberdiek\ifpdf.sty"
Package: ifpdf 2010/01/28 v2.1 Provides the ifpdf switch (HO)
Package ifpdf Info: pdfTeX in pdf mode detected.
)
("D:\Program files\MikTeX\tex\generic\oberdiek\ifvtex.sty"
Package: ifvtex 2008/11/04 v1.4 Switches for detecting VTeX and its modes (HO)
Package ifvtex Info: VTeX not detected.
)
\Gm@cnth=\count109
\Gm@cntv=\count110
\c@Gm@tempcnt=\count111
\Gm@bindingoffset=\dimen118
\Gm@wd@mp=\dimen119
\Gm@odd@mp=\dimen120
\Gm@even@mp=\dimen121
\Gm@layoutwidth=\dimen122
\Gm@layoutheight=\dimen123
\Gm@layouthoffset=\dimen124
\Gm@layoutvoffset=\dimen125
\Gm@dimlist=\toks23

("D:\Program files\MikTeX\tex\latex\geometry\geometry.cfg"))
("D:\Program files\MikTeX\tex\latex\base\inputenc.sty"
Package: inputenc 2008/03/30 v1.1d Input encoding file
\inpenc@prehook=\toks24
\inpenc@posthook=\toks25

("D:\Program files\MikTeX\tex\latex\unicode\utf8x.def"
File: utf8x.def 2004/10/17 UCS: Input encoding UTF-8
))
("D:\Program files\MikTeX\tex\latex\unicode\ucs.sty"
Package: ucs 2004/10/17 UCS: Unicode input support

("D:\Program files\MikTeX\tex\latex\unicode\data\uni-global.def"
File: uni-global.def 2004/10/17 UCS: Unicode global data
)
\uc@secondtry=\count112
\uc@combtoks=\toks26
\uc@combtoksb=\toks27
\uc@temptokena=\toks28
)
("D:\Program files\MikTeX\tex\generic\babel\babel.sty"
Package: babel 2008/07/06 v3.8l The Babel package

*************************************
* Local config file bblopts.cfg used
*
("D:\Program files\MikTeX\tex\latex\00miktex\bblopts.cfg"
File: bblopts.cfg 2006/07/31 v1.0 MiKTeX 'babel' configuration
)
("D:\Program files\MikTeX\tex\generic\babel\russianb.ldf"
Language: russianb 2008/03/21 v1.1r Russian support from the babel system

("D:\Program files\MikTeX\tex\generic\babel\babel.def"
File: babel.def 2008/07/06 v3.8l Babel common definitions
\babel@savecnt=\count113
\U@D=\dimen126
)

Package babel Warning: No hyphenation patterns were loaded for
(babel)                the language `Russian'
(babel)                I will use the patterns loaded for \language=0 instead.

\l@russian = a dialect from \language0
("D:\Program files\MikTeX\tex\latex\cyrillic\t2aenc.def"
File: t2aenc.def 2005/09/27 v1.0i Cyrillic encoding definition file
)
Package babel Info: Making " an active character on input line 199.
))
(C:\Users\Andrey\Report_Rus.aux
LaTeX Font Info:    Try loading font information for T2A+cmr on input line 3.

("D:\Program files\MikTeX\tex\latex\cyrillic\t2acmr.fd"
File: t2acmr.fd 2001/08/11 v1.0a Computer Modern Cyrillic font definitions
))
LaTeX Font Info:    Checking defaults for OML/cmm/m/it on input line 15.
LaTeX Font Info:    ... okay on input line 15.
LaTeX Font Info:    Checking defaults for T1/cmr/m/n on input line 15.
LaTeX Font Info:    ... okay on input line 15.
LaTeX Font Info:    Checking defaults for OT1/cmr/m/n on input line 15.
LaTeX Font Info:    ... okay on input line 15.
LaTeX Font Info:    Checking defaults for OMS/cmsy/m/n on input line 15.
LaTeX Font Info:    ... okay on input line 15.
LaTeX Font Info:    Checking defaults for OMX/cmex/m/n on input line 15.
LaTeX Font Info:    ... okay on input line 15.
LaTeX Font Info:    Checking defaults for U/cmr/m/n on input line 15.
LaTeX Font Info:    ... okay on input line 15.
LaTeX Font Info:    Checking defaults for T2A/cmr/m/n on input line 15.
LaTeX Font Info:    ... okay on input line 15.

("D:\Program files\MikTeX\tex\context\base\supp-pdf.tex"
[Loading MPS to PDF converter (version 2006.09.02).]
\scratchcounter=\count114
\scratchdimen=\dimen127
\scratchbox=\box32
\nofMPsegments=\count115
\nofMParguments=\count116
\everyMPshowfont=\toks29
\MPscratchCnt=\count117
\MPscratchDim=\dimen128
\MPnumerator=\count118
\everyMPtoPDFconversion=\toks30
)
\c@lstlisting=\count119

*geometry* driver: auto-detecting
*geometry* detected driver: pdftex
*geometry* verbose: parameters in the preamble
*gm driver: pdftex
*gm paper: a4paper
*gm layout: (same as paper)
*gm L,W,R: 45.80893pt, 505.89pt, 45.80894pt
*gm T,H,B: 48.93872pt, 722.7pt, 73.40813pt
*gm switch-on: 
*gm \paperwidth=597.50787pt
*gm \paperheight=845.04684pt
*gm \textwidth=505.89pt
*gm \textheight=722.7pt
*gm \oddsidemargin=-26.46106pt
*gm \evensidemargin=-26.46106pt
*gm \topmargin=-60.33127pt
*gm \headheight=12.0pt
*gm \headsep=25.0pt
*gm \footskip=30.0pt
*gm \marginparwidth=59.0pt
*gm \marginparsep=10.0pt
*gm \columnsep=10.0pt
*gm \skip\footins=10.0pt plus 4.0pt minus 2.0pt
*gm \hoffset=0.0pt
*gm \voffset=0.0pt
*gm \mag=1000
*gm (1in=72.27pt, 1cm=28.4528pt)
("D:\Program files\MikTeX\tex\latex\unicode\ucsencs.def"
File: ucsencs.def 2003/11/29 Fixes to fontencodings LGR, T3
)
("D:\Program files\MikTeX\tex\latex\unicode\data\uni-4.def"
File: uni-4.def 2004/10/17 UCS: Unicode data U+0400..U+04FF
)
Overfull \hbox (20.55049pt too wide) in paragraph at lines 20--24
\T2A/cmr/m/n/10 и Прикладной Физики Москвоского Физико-Технического Института (
Государственного Университета). 
 []


Overfull \hbox (27.92123pt too wide) in paragraph at lines 27--30
\T2A/cmr/m/n/10.95 Современные наблюдения большого числа галактик в областях ра
змера нескольких мегапарсек показывают,
 []


Overfull \hbox (41.6849pt too wide) in paragraph at lines 27--30
\T2A/cmr/m/n/10.95 гравитационно связанных структур. Однако, как мы можем описы
вать наблюдательные данные количественно
 []


Underfull \hbox (badness 10000) in paragraph at lines 27--30

 []

<D:/Pictures/SDSS.jpg, id=1, 651.16pt x 654.11725pt>
File: D:/Pictures/SDSS.jpg Graphic file (type jpg)

<use D:/Pictures/SDSS.jpg> <D:/Pictures/slice.png, id=2, 803.0pt x 803.0pt>
File: D:/Pictures/slice.png Graphic file (type png)

<use D:/Pictures/slice.png> [1

{C:/ProgramData/MiKTeX/2.8/pdftex/config/pdftex.map} <D:/Pictures/SDSS.jpg>]
Overfull \hbox (11.29941pt too wide) in paragraph at lines 46--47
\T2A/cmr/m/n/10.95 объекты заданной массы в указанной части пространства. Однак
о, удобно было бы иметь аналитическую
 []


Underfull \hbox (badness 10000) in paragraph at lines 46--47

 []


Overfull \hbox (16.63998pt too wide) in paragraph at lines 48--49
[]\T2A/cmr/m/n/10.95 Обозначим $\OML/cmm/m/it/10.95 $\T2A/cmr/m/n/10.95 (x,t) 
флуктуацию плотности (далее временная зависимость опускается). Другой параметр
 []

[2 <D:/Pictures/slice.png>]
<D:/Pictures/spectrum.png, id=25, 756.8275pt x 560.0925pt>
File: D:/Pictures/spectrum.png Graphic file (type png)

<use D:/Pictures/spectrum.png>
Overfull \hbox (7.65668pt too wide) in paragraph at lines 90--96
\T2A/cmr/m/n/10.95 мощности может быть измерен довольно точно на некоторых масш
табах с использованием космического
 []


Underfull \hbox (badness 10000) in paragraph at lines 90--96

 []


Underfull \hbox (badness 10000) in paragraph at lines 98--99

 []

[3 <D:/Pictures/spectrum.png (PNG copy)>]
<D:/Pictures/sigma2_appr.png, id=29, 400.49625pt x 286.06876pt>
File: D:/Pictures/sigma2_appr.png Graphic file (type png)

<use D:/Pictures/sigma2_appr.png>
Underfull \hbox (badness 10000) in paragraph at lines 113--123

 []


Underfull \hbox (badness 10000) in paragraph at lines 113--123

 []


Overfull \hbox (5.60321pt too wide) in paragraph at lines 124--125
[]\T2A/cmr/m/n/10.95 Результат является хороший оценкой дисперсии (7) и отражае
т общую зависимость данной функции
 []

[4 <D:/Pictures/sigma2_appr.png>]
("D:\Program files\MikTeX\tex\latex\listings\lstlang1.sty"
File: lstlang1.sty 2004/09/05 1.3 listings language file
)
LaTeX Font Info:    Try loading font information for OMS+cmr on input line 140.


("D:\Program files\MikTeX\tex\latex\base\omscmr.fd"
File: omscmr.fd 1999/05/25 v2.5h Standard LaTeX font definitions
)
LaTeX Font Info:    Font shape `OMS/cmr/m/n' in size <10.95> not available
(Font)              Font shape `OMS/cmsy/m/n' tried instead on input line 140.
LaTeX Font Info:    Font shape `OMS/cmr/m/it' in size <10.95> not available
(Font)              Font shape `OMS/cmsy/m/n' tried instead on input line 160.

Overfull \hbox (23.26608pt too wide) in paragraph at lines 162--163
[][][][][][][][][][][][][][][][][][][][][][][][][][][][][][][][][][] 
 []

[5] <D:/Pictures/sigma2_scipy.png, id=41, 402.50375pt x 286.06876pt>
File: D:/Pictures/sigma2_scipy.png Graphic file (type png)

<use D:/Pictures/sigma2_scipy.png>
<D:/Pictures/Massf.png, id=42, 402.50375pt x 286.06876pt>
File: D:/Pictures/Massf.png Graphic file (type png)

<use D:/Pictures/Massf.png> [6 <D:/Pictures/sigma2_scipy.png>]
Overfull \hbox (37.29936pt too wide) in paragraph at lines 216--220
\T2A/cmr/m/n/10.95 симуляций), numpy и другие. Ниже приведен программный код вы
числения поля плотности с комментариями. 
 []

[7 <D:/Pictures/Massf.png>]
Overfull \hbox (36.33167pt too wide) in paragraph at lines 284--285
[][][][][][][][][][][][][][][][][][][][][][][][][][][][][][][][][][][][][][][][
][][][][][][] 
 []

<D:/Pictures/sim.jpg, id=52, 1031.855pt x 811.03pt>
File: D:/Pictures/sim.jpg Graphic file (type jpg)
 <use D:/Pictures/sim.jpg>
[8] ("D:\Program files\MikTeX\tex\latex\unicode\data\uni-32.def"
File: uni-32.def 2004/10/17 UCS: Unicode data U+2000..U+20FF
)
Overfull \hbox (5.76573pt too wide) in paragraph at lines 296--302
\T2A/cmr/m/n/10.95 симуляция с большим количеством частиц (512$[]$) и построено
 соответсвующее поле плотности. Наконец,
 []


Overfull \hbox (27.61136pt too wide) in paragraph at lines 296--302
\T2A/cmr/m/n/10.95 произведена оптимизация работы программы за счет использован
ия комбинации языков программирования
 []

[9 <D:/Pictures/sim.jpg>] (C:\Users\Andrey\Report_Rus.aux) ) 
Here is how much of TeX's memory you used:
 5952 strings out of 495285
 74508 string characters out of 3180735
 190649 words of memory out of 3000000
 9082 multiletter control sequences out of 15000+200000
 16365 words of font info for 40 fonts, out of 3000000 for 9000
 14 hyphenation exceptions out of 8191
 27i,16n,40p,2220b,1595s stack positions out of 5000i,500n,10000p,200000b,50000s
{D:/Program files/M
ikTeX/fonts/enc/dvips/cm-super/cm-super-t2a.enc}<D:/Program files/MikTeX/fonts/
type1/public/amsfonts/cm/cmex10.pfb><D:/Program files/MikTeX/fonts/type1/public
/amsfonts/cm/cmmi10.pfb><D:/Program files/MikTeX/fonts/type1/public/amsfonts/cm
/cmmi6.pfb><D:/Program files/MikTeX/fonts/type1/public/amsfonts/cm/cmmi8.pfb><D
:/Program files/MikTeX/fonts/type1/public/amsfonts/cm/cmr10.pfb><D:/Program fil
es/MikTeX/fonts/type1/public/amsfonts/cm/cmr6.pfb><D:/Program files/MikTeX/font
s/type1/public/amsfonts/cm/cmr8.pfb><D:/Program files/MikTeX/fonts/type1/public
/amsfonts/cm/cmsy10.pfb><D:/Program files/MikTeX/fonts/type1/public/amsfonts/cm
/cmsy8.pfb><D:/Program files/MikTeX/fonts/type1/public/cm-super/sfbx1000.pfb><D
:/Program files/MikTeX/fonts/type1/public/cm-super/sfbx1095.pfb><D:/Program fil
es/MikTeX/fonts/type1/public/cm-super/sfbx1200.pfb><D:/Program files/MikTeX/fon
ts/type1/public/cm-super/sfbx1440.pfb><D:/Program files/MikTeX/fonts/type1/publ
ic/cm-super/sfrm1000.pfb><D:/Program files/MikTeX/fonts/type1/public/cm-super/s
frm1095.pfb><D:/Program files/MikTeX/fonts/type1/public/cm-super/sfrm1200.pfb><
D:/Program files/MikTeX/fonts/type1/public/cm-super/sfrm1728.pfb><D:/Program fi
les/MikTeX/fonts/type1/public/cm-super/sfti1095.pfb>
Output written on Report_Rus.pdf (9 pages, 2421800 bytes).
PDF statistics:
 116 PDF objects out of 1000 (max. 8388607)
 0 named destinations out of 1000 (max. 500000)
 36 words of extra memory for PDF output out of 10000 (max. 10000000)

